<?xml version="1.0" encoding="UTF-8"?>
<testng-results total="1" passed="1" failed="0" skipped="0">
  <reporter-output>
  </reporter-output>
  <suite started-at="2023-03-09T04:43:37Z" name="Suite" finished-at="2023-03-09T04:46:07Z" duration-ms="149914">
    <groups>
    </groups>
    <test started-at="2023-03-09T04:43:37Z" name="Test" finished-at="2023-03-09T04:46:07Z" duration-ms="149914">
      <class name="Appium.NewTest">
        <test-method is-config="true" signature="beforeMethod()[pri:0, instance:Appium.NewTest@175b9425]" started-at="2023-03-09T10:13:37Z" name="beforeMethod" finished-at="2023-03-09T10:15:05Z" duration-ms="87676" status="PASS">
          <reporter-output>
          </reporter-output>
        </test-method> <!-- beforeMethod -->
        <test-method signature="Restaurant()[pri:0, instance:Appium.NewTest@175b9425]" started-at="2023-03-09T10:15:05Z" name="Restaurant" finished-at="2023-03-09T10:16:07Z" duration-ms="62220" status="PASS">
          <reporter-output>
          </reporter-output>
        </test-method> <!-- Restaurant -->
        <test-method is-config="true" signature="afterMethod()[pri:0, instance:Appium.NewTest@175b9425]" started-at="2023-03-09T10:16:07Z" name="afterMethod" finished-at="2023-03-09T10:16:07Z" duration-ms="0" status="PASS">
          <reporter-output>
          </reporter-output>
        </test-method> <!-- afterMethod -->
      </class> <!-- Appium.NewTest -->
    </test> <!-- Test -->
  </suite> <!-- Suite -->
</testng-results>
