<?xml version="1.0" encoding="UTF-8"?>
<testng-results total="1" passed="1" failed="0" skipped="0">
  <reporter-output>
  </reporter-output>
  <suite started-at="2023-03-09T04:13:30Z" name="Default suite" finished-at="2023-03-09T04:15:28Z" duration-ms="118457">
    <groups>
    </groups>
    <test started-at="2023-03-09T04:13:30Z" name="Default test" finished-at="2023-03-09T04:15:28Z" duration-ms="118457">
      <class name="Appium.NewTest">
        <test-method is-config="true" signature="beforeMethod()[pri:0, instance:Appium.NewTest@3f91b517]" started-at="2023-03-09T09:43:30Z" name="beforeMethod" finished-at="2023-03-09T09:44:30Z" duration-ms="60398" status="PASS">
          <reporter-output>
          </reporter-output>
        </test-method> <!-- beforeMethod -->
        <test-method signature="Restaurant()[pri:0, instance:Appium.NewTest@3f91b517]" started-at="2023-03-09T09:44:30Z" name="Restaurant" finished-at="2023-03-09T09:45:28Z" duration-ms="58038" status="PASS">
          <reporter-output>
          </reporter-output>
        </test-method> <!-- Restaurant -->
        <test-method is-config="true" signature="afterMethod()[pri:0, instance:Appium.NewTest@3f91b517]" started-at="2023-03-09T09:45:28Z" name="afterMethod" finished-at="2023-03-09T09:45:28Z" duration-ms="0" status="PASS">
          <reporter-output>
          </reporter-output>
        </test-method> <!-- afterMethod -->
      </class> <!-- Appium.NewTest -->
    </test> <!-- Default test -->
  </suite> <!-- Default suite -->
</testng-results>
